<?xml version="1.0" encoding="UTF-8"?>
<testsuite name="com.fabrice.droidclean.update.UpdateCheckerTest" tests="6" skipped="0" failures="0" errors="0" timestamp="2026-08-17T05:29:02" hostname="OLLAMA" time="0.038">
  <properties/>
  <testcase name="compareVersions - plus ancien" classname="com.fabrice.droidclean.update.UpdateCheckerTest" time="0.02"/>
  <testcase name="parseReleases - vide" classname="com.fabrice.droidclean.update.UpdateCheckerTest" time="0.003"/>
  <testcase name="parseReleases - prend la version la plus haute avec APK" classname="com.fabrice.droidclean.update.UpdateCheckerTest" time="0.01"/>
  <testcase name="compareVersions - plus récent" classname="com.fabrice.droidclean.update.UpdateCheckerTest" time="0.0"/>
  <testcase name="parseReleases - ignore les drafts" classname="com.fabrice.droidclean.update.UpdateCheckerTest" time="0.0"/>
  <testcase name="compareVersions - égalité" classname="com.fabrice.droidclean.update.UpdateCheckerTest" time="0.001"/>
  <system-out><![CDATA[]]></system-out>
  <system-err><![CDATA[]]></system-err>
</testsuite>
